environment: 
YAML: configs/LCAWContrastiveLoss_exp1.yaml
==> SEED: 42
==> num_classes: 608
==> data_dir: /workspace/DATASETS/tiered-imagenet/tiered_imagenet
==> batch_size: 256
==> num_workers: 3
==> image_size: [84, 84]
==> return_logs: False
==> eval_every: 5
==> n_epochs: 100
==> gpu_id: 1
==> opt_name: SGD
==> opt_params: {'lr': 0.001, 'momentum': 0.9}
==> loss: lcacon
==> loss_params: {'sim': 'cosine', 'tau': 0.9, 'hierarchy_dist_path': 'src/dataset/hierarchy_pkl', 'idx_to_cls_path': 'src/dataset/hierarchy_pkl/tieredimg_idx_to_cls.pkl', 'dataset_name': 'tiered-imagenet-224'}
using optimizer: SGD
SGD (
Parameter Group 0
    dampening: 0
    differentiable: False
    foreach: None
    fused: None
    lr: 0.001
    maximize: False
    momentum: 0.9
    nesterov: False
    weight_decay: 0
)
Path Already Exists: src/dataset/hierarchy_pkl/tieredimg_idx_to_cls.pkl
Path Already Exists: src/dataset/hierarchy_pkl/tieredimg_idx_to_cls.pkl
# of Training Images: 623359
# of Testing Images: 155806
/opt/conda/envs/pytorch/lib/python3.10/site-packages/torch/nn/modules/conv.py:456: UserWarning: Plan failed with a cudnnException: CUDNN_BACKEND_EXECUTION_PLAN_DESCRIPTOR: cudnnFinalize Descriptor Failed cudnn_status: CUDNN_STATUS_NOT_SUPPORTED (Triggered internally at ../aten/src/ATen/native/cudnn/Conv_v8.cpp:919.)
  return F.conv2d(input, weight, bias, self.stride,
/opt/conda/envs/pytorch/lib/python3.10/site-packages/torch/autograd/graph.py:744: UserWarning: Plan failed with a cudnnException: CUDNN_BACKEND_EXECUTION_PLAN_DESCRIPTOR: cudnnFinalize Descriptor Failed cudnn_status: CUDNN_STATUS_NOT_SUPPORTED (Triggered internally at ../aten/src/ATen/native/cudnn/Conv_v8.cpp:919.)
  return Variable._execution_engine.run_backward(  # Calls into the C++ engine to run the backward pass
Test Accuracy at epoch: 0: 0.665
epochs: [1/100] train_acc: 0.404 train_loss: 5.361
epochs: [2/100] train_acc: 0.607 train_loss: 3.620
epochs: [3/100] train_acc: 0.638 train_loss: 3.419
epochs: [4/100] train_acc: 0.656 train_loss: 3.297
epochs: [5/100] train_acc: 0.670 train_loss: 3.221
Test Accuracy at epoch: 5: 0.732
epochs: [6/100] train_acc: 0.681 train_loss: 3.160
epochs: [7/100] train_acc: 0.691 train_loss: 3.103
epochs: [8/100] train_acc: 0.699 train_loss: 3.062
epochs: [9/100] train_acc: 0.707 train_loss: 3.021
epochs: [10/100] train_acc: 0.714 train_loss: 2.981
Test Accuracy at epoch: 10: 0.738
epochs: [11/100] train_acc: 0.720 train_loss: 2.955
epochs: [12/100] train_acc: 0.726 train_loss: 2.916
epochs: [13/100] train_acc: 0.731 train_loss: 2.890
epochs: [14/100] train_acc: 0.738 train_loss: 2.851
epochs: [15/100] train_acc: 0.742 train_loss: 2.830
Test Accuracy at epoch: 15: 0.741
epochs: [16/100] train_acc: 0.747 train_loss: 2.810
epochs: [17/100] train_acc: 0.752 train_loss: 2.786
epochs: [18/100] train_acc: 0.756 train_loss: 2.761
epochs: [19/100] train_acc: 0.761 train_loss: 2.735
epochs: [20/100] train_acc: 0.765 train_loss: 2.723
Test Accuracy at epoch: 20: 0.742
epochs: [21/100] train_acc: 0.769 train_loss: 2.697
epochs: [22/100] train_acc: 0.773 train_loss: 2.681
epochs: [23/100] train_acc: 0.777 train_loss: 2.663
epochs: [24/100] train_acc: 0.781 train_loss: 2.645
epochs: [25/100] train_acc: 0.784 train_loss: 2.624
Test Accuracy at epoch: 25: 0.741
epochs: [26/100] train_acc: 0.788 train_loss: 2.606
epochs: [27/100] train_acc: 0.791 train_loss: 2.585
epochs: [28/100] train_acc: 0.795 train_loss: 2.573
epochs: [29/100] train_acc: 0.798 train_loss: 2.560
epochs: [30/100] train_acc: 0.801 train_loss: 2.540
Test Accuracy at epoch: 30: 0.739
epochs: [31/100] train_acc: 0.805 train_loss: 2.524
epochs: [32/100] train_acc: 0.807 train_loss: 2.516
epochs: [33/100] train_acc: 0.811 train_loss: 2.500
epochs: [34/100] train_acc: 0.813 train_loss: 2.484
epochs: [35/100] train_acc: 0.816 train_loss: 2.475
Test Accuracy at epoch: 35: 0.738
epochs: [36/100] train_acc: 0.819 train_loss: 2.463
epochs: [37/100] train_acc: 0.822 train_loss: 2.441
epochs: [38/100] train_acc: 0.825 train_loss: 2.433
epochs: [39/100] train_acc: 0.827 train_loss: 2.423
epochs: [40/100] train_acc: 0.830 train_loss: 2.413
Test Accuracy at epoch: 40: 0.733
epochs: [41/100] train_acc: 0.832 train_loss: 2.400
epochs: [42/100] train_acc: 0.834 train_loss: 2.392
epochs: [43/100] train_acc: 0.836 train_loss: 2.380
epochs: [44/100] train_acc: 0.839 train_loss: 2.369
epochs: [45/100] train_acc: 0.841 train_loss: 2.357
Test Accuracy at epoch: 45: 0.732
epochs: [46/100] train_acc: 0.843 train_loss: 2.349
epochs: [47/100] train_acc: 0.846 train_loss: 2.338
epochs: [48/100] train_acc: 0.848 train_loss: 2.337
epochs: [49/100] train_acc: 0.850 train_loss: 2.326
epochs: [50/100] train_acc: 0.852 train_loss: 2.310
Test Accuracy at epoch: 50: 0.728
epochs: [51/100] train_acc: 0.854 train_loss: 2.309
epochs: [52/100] train_acc: 0.856 train_loss: 2.300
epochs: [53/100] train_acc: 0.858 train_loss: 2.287
epochs: [54/100] train_acc: 0.860 train_loss: 2.280
epochs: [55/100] train_acc: 0.861 train_loss: 2.271
Test Accuracy at epoch: 55: 0.726
epochs: [56/100] train_acc: 0.864 train_loss: 2.253
epochs: [57/100] train_acc: 0.865 train_loss: 2.249
epochs: [58/100] train_acc: 0.867 train_loss: 2.251
epochs: [59/100] train_acc: 0.869 train_loss: 2.229
epochs: [60/100] train_acc: 0.870 train_loss: 2.225
Test Accuracy at epoch: 60: 0.725
epochs: [61/100] train_acc: 0.871 train_loss: 2.221
epochs: [62/100] train_acc: 0.873 train_loss: 2.217
epochs: [63/100] train_acc: 0.874 train_loss: 2.205
epochs: [64/100] train_acc: 0.877 train_loss: 2.200
epochs: [65/100] train_acc: 0.878 train_loss: 2.197
